# Logfile created on 2016-10-24 16:30:39 +0100 by logger.rb/53141
I, [2016-10-24T16:31:53.389247 #8704]  INFO -- : Constantin Volodkevich: /start
I, [2016-10-24T16:32:06.129214 #8799]  INFO -- : Constantin Volodkevich: /start
I, [2016-10-24T16:32:16.572222 #8799]  INFO -- : Constantin Volodkevich: /start
I, [2016-10-24T16:32:34.928903 #8799]  INFO -- : Constantin Volodkevich: /subject
I, [2016-10-24T18:57:23.341948 #16520]  INFO -- : Constantin Volodkevich: /subject
I, [2016-10-24T18:58:23.894018 #16587]  INFO -- : Constantin Volodkevich: /subject
I, [2016-10-24T18:58:31.120663 #16587]  INFO -- : Constantin Volodkevich: /semester
I, [2016-10-24T18:58:48.406847 #16587]  INFO -- : Constantin Volodkevich: 2016-09-01
I, [2016-10-24T19:01:40.239256 #16801]  INFO -- : Constantin Volodkevich: 2016-09-01
I, [2016-10-24T19:02:11.024653 #16801]  INFO -- : Constantin Volodkevich: 2016-11-25
I, [2016-10-24T19:02:45.159237 #16801]  INFO -- : Constantin Volodkevich: /start
I, [2016-10-24T19:02:53.866848 #16801]  INFO -- : Constantin Volodkevich: /semester
I, [2016-10-24T19:03:00.496986 #16801]  INFO -- : Constantin Volodkevich: 1
I, [2016-10-24T19:03:15.782384 #16801]  INFO -- : Constantin Volodkevich: /start
I, [2016-10-24T19:03:22.549875 #16801]  INFO -- : Constantin Volodkevich: /semester
I, [2016-10-24T19:03:37.633540 #16801]  INFO -- : Constantin Volodkevich: /1
I, [2016-10-24T19:03:45.009312 #16801]  INFO -- : Constantin Volodkevich: /semester
I, [2016-10-24T19:03:50.223466 #16801]  INFO -- : Constantin Volodkevich: 1
I, [2016-10-24T19:03:56.403620 #16801]  INFO -- : Constantin Volodkevich: 1
I, [2016-10-24T19:05:34.013365 #17044]  INFO -- : Constantin Volodkevich: /1
I, [2016-10-24T19:05:40.483543 #17044]  INFO -- : Constantin Volodkevich: /semester
I, [2016-10-24T19:05:44.824292 #17044]  INFO -- : Constantin Volodkevich: 1
I, [2016-10-24T19:07:39.519183 #17190]  INFO -- : Constantin Volodkevich: 1
I, [2016-10-24T19:07:47.393737 #17190]  INFO -- : Constantin Volodkevich: /semester
I, [2016-10-24T19:07:49.378662 #17190]  INFO -- : Constantin Volodkevich: 1
I, [2016-10-24T19:15:22.541543 #17190]  INFO -- : Constantin Volodkevich: /semester
I, [2016-10-24T19:15:27.277755 #17190]  INFO -- : Constantin Volodkevich: 213123123 1
I, [2016-10-24T19:17:43.340470 #17772]  INFO -- : Constantin Volodkevich: /semester
I, [2016-10-24T19:17:46.912222 #17772]  INFO -- : Constantin Volodkevich: 1
I, [2016-10-24T19:18:57.793034 #17866]  INFO -- : Constantin Volodkevich: /semester
I, [2016-10-24T19:18:59.644254 #17866]  INFO -- : Constantin Volodkevich: 1
I, [2016-10-24T19:19:01.983550 #17866]  INFO -- : Constantin Volodkevich: 2
I, [2016-10-24T19:19:07.124096 #17866]  INFO -- : Constantin Volodkevich: 1
I, [2016-10-24T19:19:09.380237 #17866]  INFO -- : Constantin Volodkevich: 2
I, [2016-10-24T19:26:26.396232 #17866]  INFO -- : Constantin Volodkevich: /semester
I, [2016-10-24T19:26:28.918591 #17866]  INFO -- : Constantin Volodkevich: 1
I, [2016-10-24T19:26:30.307533 #17866]  INFO -- : Constantin Volodkevich: 2
I, [2016-10-24T19:26:42.779054 #18355]  INFO -- : Constantin Volodkevich: /semester
I, [2016-10-24T19:26:46.351979 #18355]  INFO -- : Constantin Volodkevich: 1
I, [2016-10-24T19:26:47.509716 #18355]  INFO -- : Constantin Volodkevich: 2
I, [2016-10-24T19:28:11.135341 #18472]  INFO -- : Constantin Volodkevich: 2
I, [2016-10-24T19:28:24.331943 #18472]  INFO -- : Constantin Volodkevich: 1
I, [2016-10-24T19:28:29.175511 #18472]  INFO -- : Constantin Volodkevich: /semestr
I, [2016-10-24T19:28:37.579874 #18472]  INFO -- : Constantin Volodkevich: /semester
I, [2016-10-24T19:28:40.809948 #18472]  INFO -- : Constantin Volodkevich: 1
I, [2016-10-24T19:28:41.878319 #18472]  INFO -- : Constantin Volodkevich: 2
I, [2016-10-25T10:03:16.937338 #4363]  INFO -- : Alexander Adamenko: /start
I, [2016-10-25T10:03:20.423764 #4363]  INFO -- : Constantin Volodkevich: /start
I, [2016-10-25T10:03:28.629829 #4363]  INFO -- : Constantin Volodkevich: /semester
I, [2016-10-25T10:03:30.987984 #4363]  INFO -- : Constantin Volodkevich: 1
I, [2016-10-25T10:03:34.792930 #4363]  INFO -- : Alexander Adamenko: /semester
I, [2016-10-25T10:03:40.290508 #4363]  INFO -- : Alexander Adamenko: 2
I, [2016-10-25T10:03:42.759133 #4363]  INFO -- : Alexander Adamenko: 3
I, [2016-10-25T10:03:55.469125 #4363]  INFO -- : Constantin Volodkevich: 2
I, [2016-10-25T13:11:29.373028 #15805]  INFO -- : Constantin Volodkevich: /start
I, [2016-10-25T13:13:14.738345 #15933]  INFO -- : Constantin Volodkevich: /start
I, [2016-10-25T13:16:11.989208 #16111]  INFO -- : Constantin Volodkevich: /start
I, [2016-10-25T13:33:31.908190 #17104]  INFO -- : Constantin Volodkevich: /start
I, [2016-10-25T13:34:26.640268 #17174]  INFO -- : Constantin Volodkevich: /start
I, [2016-10-25T13:35:31.113934 #17244]  INFO -- : Constantin Volodkevich: /start
I, [2016-10-25T13:37:22.943825 #17358]  INFO -- : Constantin Volodkevich: /start
I, [2016-10-25T13:56:04.107372 #18371]  INFO -- : Constantin Volodkevich: /start
I, [2016-10-25T14:20:55.676912 #19880]  INFO -- : Constantin Volodkevich: /start
I, [2016-10-25T15:42:40.201649 #24075]  INFO -- : Constantin Volodkevich: /start
I, [2016-10-25T15:43:04.480781 #24110]  INFO -- : Constantin Volodkevich: /start
I, [2016-10-25T20:17:41.277435 #6046]  INFO -- : Constantin Volodkevich: /start
I, [2016-10-25T20:20:43.950698 #6221]  INFO -- : Constantin Volodkevich: /start
I, [2016-10-25T20:20:44.267866 #6221]  INFO -- : Constantin Volodkevich: /start
I, [2016-10-25T20:20:44.570973 #6221]  INFO -- : Constantin Volodkevich: /start
I, [2016-10-25T20:42:59.909117 #7585]  INFO -- : Constantin Volodkevich: /start
I, [2016-10-25T20:43:06.447102 #7585]  INFO -- : Constantin Volodkevich: /semester
I, [2016-10-26T11:03:01.175917 #4315]  INFO -- : Constantin Volodkevich: /semester
I, [2016-10-26T11:06:53.298396 #4529]  INFO -- : Constantin Volodkevich: /semester
I, [2016-10-26T11:51:16.261345 #7264]  INFO -- : Constantin Volodkevich: /semester
I, [2016-10-26T11:53:40.451633 #7419]  INFO -- : Constantin Volodkevich: /semester
I, [2016-10-26T11:54:20.228825 #7470]  INFO -- : Constantin Volodkevich: /semester
I, [2016-10-26T11:54:44.521202 #7502]  INFO -- : Constantin Volodkevich: /semester
I, [2016-10-26T11:55:10.745735 #7528]  INFO -- : Constantin Volodkevich: фывфыв
I, [2016-10-26T11:55:17.020100 #7528]  INFO -- : Constantin Volodkevich: /start
I, [2016-10-26T11:56:02.833796 #7604]  INFO -- : Constantin Volodkevich: /start
I, [2016-10-26T11:56:23.459188 #7627]  INFO -- : Constantin Volodkevich: /start
I, [2016-10-26T11:56:31.169379 #7627]  INFO -- : Constantin Volodkevich: /semester
I, [2016-10-26T11:59:27.088642 #7835]  INFO -- : Constantin Volodkevich: /semester
I, [2016-10-26T12:00:06.601426 #7881]  INFO -- : Constantin Volodkevich: /semester
I, [2016-10-26T12:00:20.844694 #7904]  INFO -- : Constantin Volodkevich: /start
I, [2016-10-26T12:00:23.303896 #7904]  INFO -- : Constantin Volodkevich: /semester
I, [2016-10-26T12:01:01.090097 #7955]  INFO -- : Constantin Volodkevich: /semester
I, [2016-10-26T12:02:26.614869 #8048]  INFO -- : Constantin Volodkevich: /semester
I, [2016-10-26T12:02:41.444884 #8073]  INFO -- : Constantin Volodkevich: /semester
I, [2016-10-26T12:02:48.270635 #8073]  INFO -- : Constantin Volodkevich: /start
I, [2016-10-26T12:02:51.375625 #8073]  INFO -- : Constantin Volodkevich: /semester
I, [2016-10-26T12:03:18.364922 #8120]  INFO -- : Constantin Volodkevich: /start
I, [2016-10-26T12:03:20.325769 #8120]  INFO -- : Constantin Volodkevich: /semester
I, [2016-10-26T12:05:42.409411 #8285]  INFO -- : Constantin Volodkevich: /start
I, [2016-10-26T12:05:44.066449 #8285]  INFO -- : Constantin Volodkevich: /semester
I, [2016-10-26T12:22:54.162642 #9408]  INFO -- : Constantin Volodkevich: /start
I, [2016-10-26T12:22:56.262488 #9408]  INFO -- : Constantin Volodkevich: /semester
I, [2016-10-26T12:23:06.620590 #9408]  INFO -- : Constantin Volodkevich: 324234
I, [2016-10-26T12:28:08.750067 #9755]  INFO -- : Constantin Volodkevich: /start
I, [2016-10-26T12:28:10.874263 #9755]  INFO -- : Constantin Volodkevich: /semester
I, [2016-10-26T12:29:32.623442 #9852]  INFO -- : Constantin Volodkevich: /semester
I, [2016-10-26T12:29:59.573995 #9892]  INFO -- : Constantin Volodkevich: /semester
I, [2016-10-26T12:30:23.061438 #9921]  INFO -- : Constantin Volodkevich: /semester
I, [2016-10-26T12:30:41.332138 #9938]  INFO -- : Constantin Volodkevich: /start
I, [2016-10-26T12:30:43.867981 #9938]  INFO -- : Constantin Volodkevich: /semester
I, [2016-10-26T12:32:07.558539 #10047]  INFO -- : Constantin Volodkevich: /start
I, [2016-10-26T12:32:09.876659 #10047]  INFO -- : Constantin Volodkevich: /semester
I, [2016-10-26T12:32:19.483314 #10047]  INFO -- : Constantin Volodkevich: 123619361931
I, [2016-10-26T12:33:21.299411 #10136]  INFO -- : Constantin Volodkevich: /start
I, [2016-10-26T12:33:23.293683 #10136]  INFO -- : Constantin Volodkevich: /semester
I, [2016-10-26T12:33:27.388799 #10136]  INFO -- : Constantin Volodkevich: 213123
I, [2016-10-26T12:44:41.606388 #10830]  INFO -- : Constantin Volodkevich: /start
I, [2016-10-26T12:44:43.875948 #10830]  INFO -- : Constantin Volodkevich: /semester
I, [2016-10-26T12:44:50.433018 #10830]  INFO -- : Constantin Volodkevich: 10
I, [2016-10-26T12:44:54.071973 #10830]  INFO -- : Constantin Volodkevich: 20
I, [2016-10-26T12:51:01.700795 #11252]  INFO -- : Constantin Volodkevich: /start
I, [2016-10-26T12:51:03.702502 #11252]  INFO -- : Constantin Volodkevich: /semester
I, [2016-10-26T12:51:06.474650 #11252]  INFO -- : Constantin Volodkevich: 10
I, [2016-10-26T12:51:09.588844 #11252]  INFO -- : Constantin Volodkevich: 20
I, [2016-10-26T14:03:38.386319 #15663]  INFO -- : Constantin Volodkevich: /start
I, [2016-10-26T14:03:40.158810 #15663]  INFO -- : Constantin Volodkevich: /semester
I, [2016-10-26T14:03:57.440039 #15663]  INFO -- : Constantin Volodkevich: 2016-05-13
I, [2016-10-26T14:04:14.087917 #15663]  INFO -- : Constantin Volodkevich: 2016-09-13
I, [2016-10-26T14:05:59.368492 #15663]  INFO -- : Constantin Volodkevich: /semester
I, [2016-10-26T14:06:04.728465 #15663]  INFO -- : Constantin Volodkevich: выдаофыдаофыа
I, [2016-10-26T14:06:06.904860 #15663]  INFO -- : Constantin Volodkevich: фыдвофыв
I, [2016-10-26T14:06:48.582133 #15872]  INFO -- : Constantin Volodkevich: фыдвофыв
I, [2016-10-26T14:07:02.381740 #15893]  INFO -- : Constantin Volodkevich: фыдвофыв
I, [2016-10-26T14:07:19.701889 #15914]  INFO -- : Constantin Volodkevich: фыдвофыв
I, [2016-10-26T14:07:29.367742 #15926]  INFO -- : Constantin Volodkevich: фыдвофыв
I, [2016-10-26T14:11:06.897263 #16154]  INFO -- : Constantin Volodkevich: /start
I, [2016-10-26T14:11:08.433787 #16154]  INFO -- : Constantin Volodkevich: /semester
I, [2016-10-26T14:11:12.873136 #16154]  INFO -- : Constantin Volodkevich: вдыатоыв
I, [2016-10-26T14:11:14.265905 #16154]  INFO -- : Constantin Volodkevich: ыдватвыа
I, [2016-10-26T14:11:50.612578 #16213]  INFO -- : Constantin Volodkevich: ыдватвыа
I, [2016-10-26T14:12:09.851634 #16238]  INFO -- : Constantin Volodkevich: ыдватвыа
I, [2016-10-26T14:13:11.761832 #16297]  INFO -- : Constantin Volodkevich: ыдватвыа
I, [2016-10-26T14:13:50.160303 #16348]  INFO -- : Constantin Volodkevich: /start
I, [2016-10-26T14:13:54.013086 #16348]  INFO -- : Constantin Volodkevich: /semester
I, [2016-10-26T14:13:58.039604 #16348]  INFO -- : Constantin Volodkevich: asdaasdkasd
I, [2016-10-26T14:14:00.142226 #16348]  INFO -- : Constantin Volodkevich: asndkjansdad
I, [2016-10-26T14:16:09.278039 #16506]  INFO -- : Constantin Volodkevich: asndkjansdad
I, [2016-10-26T14:16:45.798051 #16542]  INFO -- : Constantin Volodkevich: /start
I, [2016-10-26T14:16:49.197619 #16542]  INFO -- : Constantin Volodkevich: /semester
I, [2016-10-26T14:16:54.365149 #16542]  INFO -- : Constantin Volodkevich: asdasd
I, [2016-10-26T14:16:55.782972 #16542]  INFO -- : Constantin Volodkevich: asdads
I, [2016-10-26T14:17:17.839045 #16542]  INFO -- : Constantin Volodkevich: /semester
I, [2016-10-26T14:17:20.966556 #16542]  INFO -- : Constantin Volodkevich: фвыфвфвф
I, [2016-10-26T14:17:22.178564 #16542]  INFO -- : Constantin Volodkevich: фывфыв
I, [2016-10-26T14:17:42.099910 #16542]  INFO -- : Constantin Volodkevich: 2010-05-12
I, [2016-10-26T14:17:53.592348 #16542]  INFO -- : Constantin Volodkevich: 2016-03-05
I, [2016-10-26T14:19:32.078812 #16542]  INFO -- : Constantin Volodkevich: /semester
I, [2016-10-26T14:19:43.664863 #16542]  INFO -- : Constantin Volodkevich: 2010-03-02
I, [2016-10-26T14:19:50.266558 #16542]  INFO -- : Constantin Volodkevich: 2016-05-02
I, [2016-10-26T15:47:00.884035 #16542]  INFO -- : Constantin Volodkevich: /start
I, [2016-10-26T15:47:12.382555 #16542]  INFO -- : Constantin Volodkevich: /semester
I, [2016-10-26T15:47:35.195025 #16542]  INFO -- : Constantin Volodkevich: 2014 12 05
I, [2016-10-26T15:47:53.348064 #16542]  INFO -- : Constantin Volodkevich: 2015 05 13
I, [2016-10-26T15:48:09.648840 #16542]  INFO -- : Constantin Volodkevich: /semester
I, [2016-10-26T15:48:26.127111 #16542]  INFO -- : Constantin Volodkevich: 2015-03-05
I, [2016-10-26T15:48:45.376268 #16542]  INFO -- : Constantin Volodkevich: 2016-03-07
I, [2016-10-26T23:22:42.259092 #14609]  INFO -- : Constantin Volodkevich: /start
I, [2016-10-26T23:23:35.683485 #14676]  INFO -- : Constantin Volodkevich: /start
I, [2016-10-26T23:24:24.557168 #14676]  INFO -- : Constantin Volodkevich: /semester
I, [2016-10-26T23:24:40.504454 #14676]  INFO -- : Constantin Volodkevich: 2016-09-01
I, [2016-10-26T23:24:51.206626 #14676]  INFO -- : Constantin Volodkevich: 2016-12-01
I, [2016-10-26T23:25:05.303664 #14676]  INFO -- : Constantin Volodkevich: /subject
I, [2016-10-26T23:25:40.153303 #14676]  INFO -- : Constantin Volodkevich: Programming
I, [2016-10-26T23:25:55.264695 #14676]  INFO -- : Constantin Volodkevich: 4
I, [2016-10-26T23:27:53.631818 #14931]  INFO -- : Constantin Volodkevich: /start
I, [2016-10-26T23:27:56.571546 #14931]  INFO -- : Constantin Volodkevich: /subject
I, [2016-10-26T23:28:10.008206 #14931]  INFO -- : Constantin Volodkevich: Programming
I, [2016-10-26T23:28:20.168740 #14931]  INFO -- : Constantin Volodkevich: 3
I, [2016-10-26T23:41:21.889719 #15778]  INFO -- : Constantin Volodkevich: /start
I, [2016-10-26T23:41:24.559098 #15778]  INFO -- : Constantin Volodkevich: /subject
I, [2016-10-26T23:41:30.667808 #15778]  INFO -- : Constantin Volodkevich: PR
I, [2016-10-26T23:43:54.652732 #15952]  INFO -- : Constantin Volodkevich: /start
I, [2016-10-26T23:43:57.549010 #15952]  INFO -- : Constantin Volodkevich: /subject
I, [2016-10-26T23:43:59.972759 #15952]  INFO -- : Constantin Volodkevich: PR
I, [2016-10-26T23:44:06.878563 #15952]  INFO -- : Constantin Volodkevich: 7
I, [2016-10-27T10:00:31.871576 #5585]  INFO -- : Constantin Volodkevich: /start
I, [2016-10-27T10:00:33.858051 #5585]  INFO -- : Constantin Volodkevich: /subject
I, [2016-10-27T10:00:38.965144 #5585]  INFO -- : Constantin Volodkevich: pr
I, [2016-10-27T10:00:46.930020 #5585]  INFO -- : Constantin Volodkevich: 3
I, [2016-10-27T10:31:33.371126 #7537]  INFO -- : Constantin Volodkevich: /start
I, [2016-10-27T10:32:25.534335 #7608]  INFO -- : Constantin Volodkevich: /start
I, [2016-10-27T10:32:32.751433 #7608]  INFO -- : Constantin Volodkevich: /subject
I, [2016-10-27T10:32:37.456749 #7608]  INFO -- : Constantin Volodkevich: Prog
I, [2016-10-27T10:32:39.482736 #7608]  INFO -- : Constantin Volodkevich: 5
I, [2016-10-27T10:33:41.009967 #7696]  INFO -- : Constantin Volodkevich: /start
I, [2016-10-27T10:33:45.202412 #7696]  INFO -- : Constantin Volodkevich: /subject
I, [2016-10-27T10:33:48.780881 #7696]  INFO -- : Constantin Volodkevich: Prog
I, [2016-10-27T10:33:53.400209 #7696]  INFO -- : Constantin Volodkevich: 5
I, [2016-10-27T11:05:03.688701 #9589]  INFO -- : Constantin Volodkevich: /start
I, [2016-10-27T11:05:08.029201 #9589]  INFO -- : Constantin Volodkevich: /subject
I, [2016-10-27T11:05:15.651657 #9589]  INFO -- : Constantin Volodkevich: PR
I, [2016-10-27T11:05:18.217725 #9589]  INFO -- : Constantin Volodkevich: 5
I, [2016-10-27T11:05:25.132760 #9589]  INFO -- : Constantin Volodkevich: /status
I, [2016-10-27T11:05:45.660190 #9589]  INFO -- : Constantin Volodkevich: /submit
I, [2016-10-27T11:05:49.392525 #9589]  INFO -- : Constantin Volodkevich: PR
I, [2016-10-27T11:06:16.362878 #9589]  INFO -- : Constantin Volodkevich: /submit
I, [2016-10-27T11:06:20.457205 #9589]  INFO -- : Constantin Volodkevich: rwa
I, [2016-10-27T11:06:39.551279 #9708]  INFO -- : Constantin Volodkevich: /start
I, [2016-10-27T11:06:49.019375 #9708]  INFO -- : Constantin Volodkevich: /submit
I, [2016-10-27T11:06:51.085315 #9708]  INFO -- : Constantin Volodkevich: a
I, [2016-10-27T11:07:05.103214 #9708]  INFO -- : Constantin Volodkevich: a
I, [2016-10-27T11:07:06.282258 #9708]  INFO -- : Constantin Volodkevich: a
I, [2016-10-27T11:18:01.483806 #10424]  INFO -- : Constantin Volodkevich: /start
I, [2016-10-27T11:18:11.057295 #10424]  INFO -- : Constantin Volodkevich: /subject
I, [2016-10-27T11:18:14.771291 #10424]  INFO -- : Constantin Volodkevich: PR
I, [2016-10-27T11:18:21.487953 #10424]  INFO -- : Constantin Volodkevich: 5
I, [2016-10-27T11:18:26.371966 #10424]  INFO -- : Constantin Volodkevich: /submit
I, [2016-10-27T11:18:34.446611 #10424]  INFO -- : Constantin Volodkevich: PR
I, [2016-10-27T11:18:45.404757 #10424]  INFO -- : Constantin Volodkevich: 4
I, [2016-10-27T11:20:25.639804 #10589]  INFO -- : Constantin Volodkevich: /start
I, [2016-10-27T11:20:28.113813 #10589]  INFO -- : Constantin Volodkevich: /subject
I, [2016-10-27T11:20:31.092072 #10589]  INFO -- : Constantin Volodkevich: PR
I, [2016-10-27T11:20:32.690618 #10589]  INFO -- : Constantin Volodkevich: 5
I, [2016-10-27T11:20:40.107138 #10589]  INFO -- : Constantin Volodkevich: /submit
I, [2016-10-27T11:20:42.756257 #10589]  INFO -- : Constantin Volodkevich: PR
I, [2016-10-27T11:23:12.746599 #10776]  INFO -- : Constantin Volodkevich: /start
I, [2016-10-27T11:23:14.398697 #10776]  INFO -- : Constantin Volodkevich: /subject
I, [2016-10-27T11:23:20.423245 #10776]  INFO -- : Constantin Volodkevich: PR
I, [2016-10-27T11:23:21.851851 #10776]  INFO -- : Constantin Volodkevich: 5
I, [2016-10-27T11:23:27.068578 #10776]  INFO -- : Constantin Volodkevich: /submit
I, [2016-10-27T11:23:33.923963 #10776]  INFO -- : Constantin Volodkevich: PR
I, [2016-10-27T11:23:36.358078 #10776]  INFO -- : Constantin Volodkevich: 3
I, [2016-10-27T11:24:43.668313 #10892]  INFO -- : Constantin Volodkevich: /start
I, [2016-10-27T11:24:45.231127 #10892]  INFO -- : Constantin Volodkevich: /subject
I, [2016-10-27T11:24:47.036061 #10892]  INFO -- : Constantin Volodkevich: PR
I, [2016-10-27T11:24:52.481953 #10892]  INFO -- : Constantin Volodkevich: 5
I, [2016-10-27T11:24:56.354954 #10892]  INFO -- : Constantin Volodkevich: /submit
I, [2016-10-27T11:24:59.348150 #10892]  INFO -- : Constantin Volodkevich: PR
I, [2016-10-27T11:25:02.527505 #10892]  INFO -- : Constantin Volodkevich: 3
I, [2016-10-27T12:55:16.852045 #16342]  INFO -- : Constantin Volodkevich: /start
I, [2016-10-27T12:55:19.737730 #16342]  INFO -- : Constantin Volodkevich: /subject
I, [2016-10-27T12:55:26.114954 #16342]  INFO -- : Constantin Volodkevich: PR
I, [2016-10-27T12:55:29.215265 #16342]  INFO -- : Constantin Volodkevich: 5
I, [2016-10-27T12:55:34.801560 #16342]  INFO -- : Constantin Volodkevich: /submit
I, [2016-10-27T12:55:44.838838 #16342]  INFO -- : Constantin Volodkevich: PR
I, [2016-10-27T12:55:47.667264 #16342]  INFO -- : Constantin Volodkevich: 3
I, [2016-10-27T12:55:53.520928 #16342]  INFO -- : Constantin Volodkevich: /status
I, [2016-10-27T12:56:43.556405 #16452]  INFO -- : Constantin Volodkevich: /status
I, [2016-10-27T12:57:02.013091 #16479]  INFO -- : Constantin Volodkevich: /status
I, [2016-10-27T13:31:50.225640 #18285]  INFO -- : Constantin Volodkevich: /status
I, [2016-10-27T13:32:12.129301 #18307]  INFO -- : Constantin Volodkevich: /start
I, [2016-10-27T13:32:28.875305 #18307]  INFO -- : Constantin Volodkevich: /subject
I, [2016-10-27T13:32:35.415403 #18307]  INFO -- : Constantin Volodkevich: PR
I, [2016-10-27T13:32:37.609447 #18307]  INFO -- : Constantin Volodkevich: 5
I, [2016-10-27T13:32:46.354248 #18307]  INFO -- : Constantin Volodkevich: /submit
I, [2016-10-27T13:32:50.931747 #18307]  INFO -- : Constantin Volodkevich: PR
I, [2016-10-27T13:32:55.002455 #18307]  INFO -- : Constantin Volodkevich: 5
I, [2016-10-27T13:33:00.538574 #18307]  INFO -- : Constantin Volodkevich: /status
I, [2016-10-27T13:33:24.434768 #18396]  INFO -- : Constantin Volodkevich: /start
I, [2016-10-27T13:33:29.618136 #18396]  INFO -- : Constantin Volodkevich: /subject
I, [2016-10-27T13:33:32.734740 #18396]  INFO -- : Constantin Volodkevich: PR
I, [2016-10-27T13:33:35.142705 #18396]  INFO -- : Constantin Volodkevich: 5
I, [2016-10-27T13:33:37.742186 #18396]  INFO -- : Constantin Volodkevich: /submit
I, [2016-10-27T13:33:42.604338 #18396]  INFO -- : Constantin Volodkevich: PR
I, [2016-10-27T13:33:46.000944 #18396]  INFO -- : Constantin Volodkevich: 4
I, [2016-10-27T13:33:50.223088 #18396]  INFO -- : Constantin Volodkevich: /status
I, [2016-10-27T13:36:40.618628 #18624]  INFO -- : Constantin Volodkevich: /status
I, [2016-10-27T13:36:58.399244 #18646]  INFO -- : Constantin Volodkevich: /status
I, [2016-10-27T13:37:13.027004 #18664]  INFO -- : Constantin Volodkevich: /subject
I, [2016-10-27T13:37:51.298410 #18717]  INFO -- : Constantin Volodkevich: /subject
I, [2016-10-27T13:38:04.132289 #18734]  INFO -- : Constantin Volodkevich: /start
I, [2016-10-27T13:38:06.191729 #18734]  INFO -- : Constantin Volodkevich: /subject
I, [2016-10-27T13:38:09.414626 #18734]  INFO -- : Constantin Volodkevich: PR
I, [2016-10-27T13:38:10.741035 #18734]  INFO -- : Constantin Volodkevich: 5
I, [2016-10-27T13:38:15.262061 #18734]  INFO -- : Constantin Volodkevich: /submit
I, [2016-10-27T13:38:17.762909 #18734]  INFO -- : Constantin Volodkevich: PR
I, [2016-10-27T13:38:20.801752 #18734]  INFO -- : Constantin Volodkevich: 4
I, [2016-10-27T13:39:52.356498 #18734]  INFO -- : Constantin Volodkevich: /status
I, [2016-10-27T13:47:43.942640 #19320]  INFO -- : Constantin Volodkevich: /start
I, [2016-10-27T13:47:47.342775 #19320]  INFO -- : Constantin Volodkevich: /subject
I, [2016-10-27T13:47:50.154426 #19320]  INFO -- : Constantin Volodkevich: PR
I, [2016-10-27T13:47:51.456575 #19320]  INFO -- : Constantin Volodkevich: 5
I, [2016-10-27T13:47:56.817870 #19320]  INFO -- : Constantin Volodkevich: /submit
I, [2016-10-27T13:47:58.734051 #19320]  INFO -- : Constantin Volodkevich: PR
I, [2016-10-27T13:48:02.763189 #19320]  INFO -- : Constantin Volodkevich: 3
I, [2016-10-27T13:48:10.493690 #19320]  INFO -- : Constantin Volodkevich: /status
I, [2016-10-27T13:51:26.074694 #19562]  INFO -- : Constantin Volodkevich: /start
I, [2016-10-27T13:51:28.050556 #19562]  INFO -- : Constantin Volodkevich: /subject
I, [2016-10-27T13:51:32.299784 #19562]  INFO -- : Constantin Volodkevich: PR
I, [2016-10-27T13:51:36.203686 #19562]  INFO -- : Constantin Volodkevich: 5
I, [2016-10-27T13:51:39.230278 #19562]  INFO -- : Constantin Volodkevich: /submit
I, [2016-10-27T13:51:43.052757 #19562]  INFO -- : Constantin Volodkevich: PR
I, [2016-10-27T13:51:44.606500 #19562]  INFO -- : Constantin Volodkevich: 3
I, [2016-10-27T13:51:47.040523 #19562]  INFO -- : Constantin Volodkevich: /status
I, [2016-10-27T13:53:15.511027 #19712]  INFO -- : Constantin Volodkevich: /start
I, [2016-10-27T13:53:19.826810 #19712]  INFO -- : Constantin Volodkevich: /subject
I, [2016-10-27T13:53:22.562282 #19712]  INFO -- : Constantin Volodkevich: PR
I, [2016-10-27T13:53:24.702582 #19712]  INFO -- : Constantin Volodkevich: 5
I, [2016-10-27T13:53:28.152086 #19712]  INFO -- : Constantin Volodkevich: /submit
I, [2016-10-27T13:53:34.561775 #19712]  INFO -- : Constantin Volodkevich: PR
I, [2016-10-27T13:53:38.694041 #19712]  INFO -- : Constantin Volodkevich: 3
I, [2016-10-27T13:53:44.583581 #19712]  INFO -- : Constantin Volodkevich: /status
I, [2016-10-27T13:55:04.512909 #19849]  INFO -- : Constantin Volodkevich: /start
I, [2016-10-27T13:55:14.262669 #19849]  INFO -- : Constantin Volodkevich: /subject
I, [2016-10-27T13:55:15.910427 #19849]  INFO -- : Constantin Volodkevich: PR
I, [2016-10-27T13:55:20.349680 #19849]  INFO -- : Constantin Volodkevich: 7
I, [2016-10-27T13:55:22.823469 #19849]  INFO -- : Constantin Volodkevich: /submit
I, [2016-10-27T13:55:25.310914 #19849]  INFO -- : Constantin Volodkevich: PR
I, [2016-10-27T13:55:28.668686 #19849]  INFO -- : Constantin Volodkevich: 6
I, [2016-10-27T13:55:33.325683 #19849]  INFO -- : Constantin Volodkevich: /status
I, [2016-10-27T14:13:41.588150 #20898]  INFO -- : Constantin Volodkevich: /status
I, [2016-10-27T15:17:11.969592 #24583]  INFO -- : Constantin Volodkevich: /status
I, [2016-10-27T15:17:22.627128 #24583]  INFO -- : Constantin Volodkevich: /subject
I, [2016-10-27T15:17:30.847328 #24583]  INFO -- : Constantin Volodkevich: PR
I, [2016-10-27T15:17:32.492496 #24583]  INFO -- : Constantin Volodkevich: 5
I, [2016-10-27T15:17:39.327994 #24583]  INFO -- : Constantin Volodkevich: /status
I, [2016-10-27T15:17:45.754771 #24583]  INFO -- : Constantin Volodkevich: /reset
I, [2016-10-27T15:17:49.409392 #24583]  INFO -- : Constantin Volodkevich: /subject
I, [2016-10-27T15:18:01.125487 #24583]  INFO -- : Constantin Volodkevich: /status
I, [2016-10-27T15:22:36.555905 #24583]  INFO -- : Constantin Volodkevich: /subject
I, [2016-10-27T15:22:40.452397 #24583]  INFO -- : Constantin Volodkevich: asljkdhalsd
I, [2016-10-27T15:22:43.688061 #24583]  INFO -- : Constantin Volodkevich: l;aksdjad
I, [2016-10-27T15:24:12.981489 #24583]  INFO -- : Constantin Volodkevich: /reset
I, [2016-10-27T15:24:18.284784 #24583]  INFO -- : Constantin Volodkevich: /subject
I, [2016-10-27T15:24:23.928769 #24583]  INFO -- : Constantin Volodkevich: PRog
I, [2016-10-27T15:24:25.875915 #24583]  INFO -- : Constantin Volodkevich: 3
I, [2016-10-27T15:24:31.553635 #24583]  INFO -- : Constantin Volodkevich: /subject
I, [2016-10-27T15:24:43.865697 #24583]  INFO -- : Constantin Volodkevich: Acc
I, [2016-10-27T15:24:46.386588 #24583]  INFO -- : Constantin Volodkevich: 2
I, [2016-10-27T15:24:52.664104 #24583]  INFO -- : Constantin Volodkevich: /status
I, [2016-10-27T15:31:41.464273 #25325]  INFO -- : Alexander Adamenko: /start
I, [2016-10-27T15:31:50.796171 #25325]  INFO -- : Alexander Adamenko: /start
I, [2016-10-27T15:31:52.243334 #25325]  INFO -- : Alexander Adamenko: /start
I, [2016-10-27T15:31:54.212817 #25325]  INFO -- : Alexander Adamenko: /status
I, [2016-10-27T15:31:57.524425 #25325]  INFO -- : Alexander Adamenko: /reset
I, [2016-10-27T15:31:59.705894 #25325]  INFO -- : Alexander Adamenko: /start
I, [2016-10-27T15:32:06.937989 #25325]  INFO -- : Alexander Adamenko: /semester
I, [2016-10-27T15:32:13.147233 #25325]  INFO -- : Alexander Adamenko: 1991-02-16
I, [2016-10-27T15:32:17.674360 #25325]  INFO -- : Alexander Adamenko: 2016-02-16
I, [2016-10-27T15:32:51.752044 #25325]  INFO -- : Alexander Adamenko: /subject
I, [2016-10-27T15:32:59.090017 #25325]  INFO -- : Alexander Adamenko: SWA
I, [2016-10-27T15:33:01.763804 #25325]  INFO -- : Alexander Adamenko: 3
I, [2016-10-27T15:33:04.573182 #25325]  INFO -- : Alexander Adamenko: /status
I, [2016-10-27T15:33:14.320245 #25325]  INFO -- : Alexander Adamenko: /subject
I, [2016-10-27T15:33:17.567787 #25325]  INFO -- : Alexander Adamenko: PR
I, [2016-10-27T15:33:20.312519 #25325]  INFO -- : Alexander Adamenko: 7
I, [2016-10-27T15:33:22.155607 #25325]  INFO -- : Alexander Adamenko: /status
I, [2016-10-27T15:33:28.928922 #25325]  INFO -- : Alexander Adamenko: /status
I, [2016-10-27T15:33:33.443208 #25325]  INFO -- : Alexander Adamenko: /submit
I, [2016-10-27T15:33:39.423673 #25325]  INFO -- : Alexander Adamenko: SWA
I, [2016-10-27T15:33:42.172324 #25325]  INFO -- : Alexander Adamenko: 4
I, [2016-10-27T15:33:48.468544 #25325]  INFO -- : Alexander Adamenko: /status
I, [2016-10-27T15:33:54.403176 #25325]  INFO -- : Alexander Adamenko: /submit
I, [2016-10-27T15:33:57.642424 #25325]  INFO -- : Alexander Adamenko: swa
I, [2016-10-27T15:34:05.439380 #25325]  INFO -- : Alexander Adamenko: /status
I, [2016-10-27T15:34:08.467036 #25325]  INFO -- : Alexander Adamenko: /submit
I, [2016-10-27T15:34:11.651111 #25325]  INFO -- : Alexander Adamenko: SWA
I, [2016-10-27T15:34:15.869965 #25325]  INFO -- : Alexander Adamenko: 1
I, [2016-10-27T15:34:19.008771 #25325]  INFO -- : Alexander Adamenko: /status
I, [2016-10-27T15:34:31.238335 #25325]  INFO -- : Alexander Adamenko: /status
I, [2016-10-27T15:35:11.085371 #25325]  INFO -- : Constantin Volodkevich: /start
I, [2016-10-27T15:35:13.123563 #25325]  INFO -- : Constantin Volodkevich: /status
I, [2016-10-27T15:35:27.594554 #25325]  INFO -- : Alexander Adamenko: /status
I, [2016-10-27T15:35:39.808913 #25325]  INFO -- : Alexander Adamenko: /status
I, [2016-10-27T15:35:40.997716 #25325]  INFO -- : Alexander Adamenko: /status
I, [2016-10-27T15:35:41.823217 #25325]  INFO -- : Alexander Adamenko: /status
I, [2016-10-27T15:35:42.574697 #25325]  INFO -- : Alexander Adamenko: /status
I, [2016-10-27T15:35:47.054375 #25325]  INFO -- : Alexander Adamenko: /start
I, [2016-10-27T15:35:48.888621 #25325]  INFO -- : Alexander Adamenko: /status
I, [2016-10-27T16:12:51.416514 #25325]  INFO -- : Constantin Volodkevich: /status
I, [2016-10-27T16:13:01.738628 #25325]  INFO -- : Constantin Volodkevich: /subject
I, [2016-10-27T16:13:15.363334 #25325]  INFO -- : Constantin Volodkevich: Sva
I, [2016-10-27T16:13:19.877710 #25325]  INFO -- : Constantin Volodkevich: 4
I, [2016-10-27T16:13:28.531187 #25325]  INFO -- : Constantin Volodkevich: /subject
I, [2016-10-27T16:13:43.341028 #25325]  INFO -- : Constantin Volodkevich: Prog
I, [2016-10-27T16:13:45.893133 #25325]  INFO -- : Constantin Volodkevich: 3
I, [2016-10-27T16:13:52.427142 #25325]  INFO -- : Constantin Volodkevich: /submit
I, [2016-10-27T16:13:57.950483 #25325]  INFO -- : Constantin Volodkevich: Prog
I, [2016-10-27T16:14:02.764226 #25325]  INFO -- : Constantin Volodkevich: 2
I, [2016-10-27T16:14:11.176461 #25325]  INFO -- : Constantin Volodkevich: /submit
I, [2016-10-27T16:14:15.616277 #25325]  INFO -- : Constantin Volodkevich: Sva
I, [2016-10-27T16:14:20.636125 #25325]  INFO -- : Constantin Volodkevich: 3
I, [2016-10-27T16:14:27.578731 #25325]  INFO -- : Constantin Volodkevich: /start
I, [2016-10-27T16:14:30.452558 #25325]  INFO -- : Constantin Volodkevich: /subject
I, [2016-10-27T16:14:35.763098 #25325]  INFO -- : Constantin Volodkevich: /status
I, [2016-10-27T16:14:57.954664 #25325]  INFO -- : Constantin Volodkevich: /start
I, [2016-10-27T16:15:14.610397 #25325]  INFO -- : Constantin Volodkevich: /semester
I, [2016-10-27T16:15:30.604212 #25325]  INFO -- : Constantin Volodkevich: 2016-09-01
I, [2016-10-27T16:15:43.071055 #25325]  INFO -- : Constantin Volodkevich: 2016-12-20
I, [2016-10-27T16:15:51.263735 #25325]  INFO -- : Constantin Volodkevich: /subject
I, [2016-10-27T16:15:57.049769 #25325]  INFO -- : Constantin Volodkevich: Prog
I, [2016-10-27T16:16:00.834252 #25325]  INFO -- : Constantin Volodkevich: 4
I, [2016-10-27T16:16:05.970884 #25325]  INFO -- : Constantin Volodkevich: /subject
I, [2016-10-27T16:16:11.533680 #25325]  INFO -- : Constantin Volodkevich: Bi
I, [2016-10-27T16:16:15.069614 #25325]  INFO -- : Constantin Volodkevich: 5
I, [2016-10-27T16:16:19.649155 #25325]  INFO -- : Constantin Volodkevich: /submit
I, [2016-10-27T16:16:26.159124 #25325]  INFO -- : Constantin Volodkevich: Bi
I, [2016-10-27T16:16:29.858620 #25325]  INFO -- : Constantin Volodkevich: 2
I, [2016-10-27T16:16:36.330774 #25325]  INFO -- : Constantin Volodkevich: /status
I, [2016-10-27T16:18:31.971498 #25325]  INFO -- : Constantin Volodkevich: /submit
I, [2016-10-27T16:18:41.605385 #25325]  INFO -- : Constantin Volodkevich: Dfhsushh
I, [2016-10-27T16:50:27.106253 #25325]  INFO -- : Constantin Volodkevich: /status
I, [2016-10-27T16:56:04.243793 #25325]  INFO -- : Constantin Volodkevich: /start
I, [2016-10-27T16:56:10.215007 #25325]  INFO -- : Constantin Volodkevich: /subject
I, [2016-10-27T16:56:14.845398 #25325]  INFO -- : Constantin Volodkevich: Da
I, [2016-10-27T16:56:17.706701 #25325]  INFO -- : Constantin Volodkevich: 3
I, [2016-10-27T16:56:23.297859 #25325]  INFO -- : Constantin Volodkevich: /status
I, [2016-10-27T16:56:32.662724 #25325]  INFO -- : Constantin Volodkevich: /submit
I, [2016-10-27T16:56:37.183982 #25325]  INFO -- : Constantin Volodkevich: Da
I, [2016-10-27T16:56:43.915430 #25325]  INFO -- : Constantin Volodkevich: 2
I, [2016-10-27T16:56:58.694379 #25325]  INFO -- : Constantin Volodkevich: /status
I, [2016-10-27T17:00:36.403392 #25325]  INFO -- : Алексей : /start
I, [2016-10-27T19:48:54.581069 #6870]  INFO -- : Алексей : /semester
I, [2016-10-27T19:48:55.055234 #6870]  INFO -- : Алексей : /status
I, [2016-10-27T19:48:55.532616 #6870]  INFO -- : Constantin Volodkevich: /start
I, [2016-10-28T15:33:55.838803 #8659]  INFO -- : Алексей : /reset
I, [2016-10-28T15:33:56.216991 #8659]  INFO -- : Алексей : /submit
I, [2016-10-28T15:33:56.519186 #8659]  INFO -- : Алексей : /subject
I, [2016-10-28T15:33:56.821849 #8659]  INFO -- : Алексей : /subject
I, [2016-10-28T15:33:57.132336 #8659]  INFO -- : Алексей : /submit
I, [2016-10-28T15:33:57.447770 #8659]  INFO -- : Алексей : /status
I, [2016-10-28T15:33:57.773037 #8659]  INFO -- : Алексей : /submit
I, [2016-10-28T17:04:49.996328 #14135]  INFO -- : Constantin Volodkevich: /semester
I, [2016-10-28T17:09:33.452201 #14423]  INFO -- : Constantin Volodkevich: /semester
I, [2016-10-28T17:12:47.631147 #14632]  INFO -- : Constantin Volodkevich: /semester
I, [2016-10-28T17:13:01.235421 #14632]  INFO -- : Constantin Volodkevich: 2015-07-03
I, [2016-10-28T17:14:44.279867 #14759]  INFO -- : Constantin Volodkevich: 2015-07-03
I, [2016-10-28T17:17:46.972618 #14958]  INFO -- : Constantin Volodkevich: 2015-07-03
I, [2016-10-28T17:18:02.816831 #14958]  INFO -- : Constantin Volodkevich: /semester
I, [2016-10-28T17:18:10.525432 #14958]  INFO -- : Constantin Volodkevich: 2015-07-03
I, [2016-10-28T17:20:38.308073 #15144]  INFO -- : Constantin Volodkevich: /semester
I, [2016-10-28T17:20:46.609977 #15144]  INFO -- : Constantin Volodkevich: 2015-03-01
I, [2016-10-28T17:22:00.539418 #15244]  INFO -- : Constantin Volodkevich: /semester
I, [2016-10-28T17:22:07.098051 #15244]  INFO -- : Constantin Volodkevich: 2015-03-01
I, [2016-10-28T17:22:11.173800 #15244]  INFO -- : Constantin Volodkevich: /semester
I, [2016-10-28T17:27:55.408157 #15623]  INFO -- : Constantin Volodkevich: /subject
I, [2016-10-28T17:28:01.421885 #15623]  INFO -- : Constantin Volodkevich: /semester
I, [2016-10-28T17:28:09.611677 #15623]  INFO -- : Constantin Volodkevich: 2015-03-01
I, [2016-10-28T17:33:50.816310 #15987]  INFO -- : Constantin Volodkevich: /semester
I, [2016-10-28T17:33:59.097178 #15987]  INFO -- : Constantin Volodkevich: 2015-03-03
I, [2016-10-28T17:36:01.455542 #16131]  INFO -- : Constantin Volodkevich: /start
I, [2016-10-28T17:36:03.131000 #16131]  INFO -- : Constantin Volodkevich: /semester
I, [2016-10-28T17:36:09.977303 #16131]  INFO -- : Constantin Volodkevich: 2015-01-01
I, [2016-10-28T17:40:44.028821 #16455]  INFO -- : Constantin Volodkevich: /semester
I, [2016-10-28T17:40:52.498980 #16455]  INFO -- : Constantin Volodkevich: 2015-01-01
I, [2016-10-28T17:42:19.047271 #16570]  INFO -- : Constantin Volodkevich: /subject
I, [2016-10-28T17:42:20.652764 #16570]  INFO -- : Constantin Volodkevich: /semester
I, [2016-10-28T17:42:25.053131 #16570]  INFO -- : Constantin Volodkevich: 2015-01-01
I, [2016-10-28T17:42:39.556528 #16601]  INFO -- : Constantin Volodkevich: /semester
I, [2016-10-28T17:42:44.332406 #16601]  INFO -- : Constantin Volodkevich: ыавждолмрывадлытмиоытилдыиты
I, [2016-10-28T17:45:51.724943 #16804]  INFO -- : Constantin Volodkevich: ыавждолмрывадлытмиоытилдыиты
I, [2016-10-28T17:45:58.078998 #16804]  INFO -- : Constantin Volodkevich: /start
I, [2016-10-28T17:45:59.723428 #16804]  INFO -- : Constantin Volodkevich: /semester
I, [2016-10-28T17:46:04.867992 #16804]  INFO -- : Constantin Volodkevich: 2015-01-01
I, [2016-10-28T17:47:20.075223 #16902]  INFO -- : Constantin Volodkevich: /semester
I, [2016-10-28T17:47:25.350654 #16902]  INFO -- : Constantin Volodkevich: 2015-01-01
I, [2016-10-28T17:49:20.984132 #17044]  INFO -- : Constantin Volodkevich: /semester
I, [2016-10-28T17:49:26.174074 #17044]  INFO -- : Constantin Volodkevich: 2015-01-01
I, [2016-10-28T17:55:19.633782 #17422]  INFO -- : Constantin Volodkevich: /semester
I, [2016-10-28T17:55:30.198671 #17422]  INFO -- : Constantin Volodkevich: 2015-01-01
I, [2016-10-28T17:55:34.115998 #17422]  INFO -- : Constantin Volodkevich: вфдылаоыфвдлаофвыждф
I, [2016-10-28T17:58:12.322848 #17628]  INFO -- : Constantin Volodkevich: вфдылаоыфвдлаофвыждф
I, [2016-10-28T17:58:18.724818 #17628]  INFO -- : Constantin Volodkevich: /semester
I, [2016-10-28T17:58:24.573511 #17628]  INFO -- : Constantin Volodkevich: 2015-01-01
I, [2016-10-28T17:58:27.867323 #17628]  INFO -- : Constantin Volodkevich: sdopifjsdpfsdf
I, [2016-10-28T17:59:40.531577 #17722]  INFO -- : Constantin Volodkevich: sdopifjsdpfsdf
I, [2016-10-28T17:59:44.110981 #17722]  INFO -- : Constantin Volodkevich: /semester
I, [2016-10-28T17:59:47.135968 #17722]  INFO -- : Constantin Volodkevich: as;dkas;d
I, [2016-10-28T18:00:05.065539 #17759]  INFO -- : Constantin Volodkevich: as;dkas;d
I, [2016-10-28T18:00:08.363097 #17759]  INFO -- : Constantin Volodkevich: /semester
I, [2016-10-28T18:00:12.795634 #17759]  INFO -- : Constantin Volodkevich: 2015-01-01
I, [2016-10-28T18:00:16.733929 #17759]  INFO -- : Constantin Volodkevich: aspodjaspd
I, [2016-10-28T18:00:34.644831 #17759]  INFO -- : Constantin Volodkevich: 2015-01-01
I, [2016-10-28T18:00:42.401781 #17759]  INFO -- : Constantin Volodkevich: 2016-01-01
I, [2016-10-28T18:00:51.429093 #17759]  INFO -- : Constantin Volodkevich: 2016-12-01
I, [2016-10-28T18:01:00.995447 #17759]  INFO -- : Constantin Volodkevich: /semester
I, [2016-10-29T11:31:57.348526 #7429]  INFO -- : Constantin Volodkevich: /start
I, [2016-10-29T11:34:55.072975 #7664]  INFO -- : Constantin Volodkevich: /start
I, [2016-10-29T11:34:59.380522 #7664]  INFO -- : Constantin Volodkevich: /semester
I, [2016-10-29T11:35:09.615799 #7664]  INFO -- : Constantin Volodkevich: 2016-12-12
I, [2016-10-29T11:35:15.404287 #7664]  INFO -- : Constantin Volodkevich: /semester
I, [2016-10-29T11:35:18.315262 #7664]  INFO -- : Constantin Volodkevich: /reset
I, [2016-10-29T11:35:21.472853 #7664]  INFO -- : Constantin Volodkevich: Y
I, [2016-10-29T11:35:23.762433 #7664]  INFO -- : Constantin Volodkevich: /semester
I, [2016-10-29T11:36:02.479582 #7664]  INFO -- : Constantin Volodkevich: /subject
I, [2016-10-29T11:36:20.382090 #7664]  INFO -- : Constantin Volodkevich: ABC
I, [2016-10-29T11:36:24.057777 #7664]  INFO -- : Constantin Volodkevich: 3
I, [2016-10-29T11:36:29.737460 #7664]  INFO -- : Constantin Volodkevich: /status
I, [2016-10-29T11:36:34.079003 #7664]  INFO -- : Constantin Volodkevich: /submit
I, [2016-10-29T11:36:37.547921 #7664]  INFO -- : Constantin Volodkevich: asda
I, [2016-10-29T11:36:42.308727 #7664]  INFO -- : Constantin Volodkevich: ABC
I, [2016-10-29T11:36:47.359524 #7664]  INFO -- : Constantin Volodkevich: 2
I, [2016-10-29T11:36:59.886329 #7664]  INFO -- : Constantin Volodkevich: /status
I, [2016-10-29T11:51:55.457009 #7664]  INFO -- : Алексей : /start
I, [2016-10-29T11:52:43.575951 #8739]  INFO -- : Constantin Volodkevich: /semester
I, [2016-10-29T11:52:53.458083 #8739]  INFO -- : Constantin Volodkevich: 2016-12-21
I, [2016-10-29T11:53:06.713651 #8739]  INFO -- : Constantin Volodkevich: /reset_semester
I, [2016-10-29T11:55:31.618021 #8926]  INFO -- : Constantin Volodkevich: /reset_semester
I, [2016-10-29T11:55:31.917000 #8926]  INFO -- : Алексей : /submit
I, [2016-10-29T11:55:32.217080 #8926]  INFO -- : Алексей : /start
I, [2016-10-29T11:55:44.120173 #8926]  INFO -- : Constantin Volodkevich: 2016-12-21
I, [2016-10-29T11:55:51.256849 #8926]  INFO -- : Constantin Volodkevich: /semester
I, [2016-10-29T11:55:55.396691 #8926]  INFO -- : Constantin Volodkevich: /reset_semester
I, [2016-10-29T11:56:04.285326 #8926]  INFO -- : Constantin Volodkevich: 2016-12-21
I, [2016-10-29T11:56:04.870109 #8926]  INFO -- : Alexander Adamenko: /start
I, [2016-10-29T11:56:08.461244 #8926]  INFO -- : Alexander Adamenko: /semester
I, [2016-10-29T11:56:15.753147 #8926]  INFO -- : Alexander Adamenko: 2016-12-31
I, [2016-10-29T11:56:18.714954 #8926]  INFO -- : Alexander Adamenko: /semester
I, [2016-10-29T11:56:21.639558 #8926]  INFO -- : Alexander Adamenko: /start
I, [2016-10-29T11:56:23.321563 #8926]  INFO -- : Alexander Adamenko: /semester
I, [2016-10-29T11:56:29.681614 #8926]  INFO -- : Alexander Adamenko: /status
I, [2016-10-29T11:56:31.706489 #8926]  INFO -- : Alexander Adamenko: /subject
I, [2016-10-29T11:56:34.927987 #8926]  INFO -- : Alexander Adamenko: SWA
I, [2016-10-29T11:56:37.973521 #8926]  INFO -- : Alexander Adamenko: 4
I, [2016-10-29T11:56:40.894796 #8926]  INFO -- : Alexander Adamenko: /semester
I, [2016-10-29T11:56:42.396864 #8926]  INFO -- : Alexander Adamenko: /start
I, [2016-10-29T11:56:47.233546 #8926]  INFO -- : Alexander Adamenko: /status
I, [2016-10-29T11:56:51.973681 #8926]  INFO -- : Alexander Adamenko: /subject
I, [2016-10-29T11:56:59.986766 #8926]  INFO -- : Alexander Adamenko: /semester
I, [2016-10-29T11:57:01.056020 #8926]  INFO -- : Алексей : /submit
I, [2016-10-29T11:57:04.142505 #8926]  INFO -- : Alexander Adamenko: /status
I, [2016-10-29T11:57:05.486710 #8926]  INFO -- : Alexander Adamenko: /submit
I, [2016-10-29T11:57:07.798844 #8926]  INFO -- : Alexander Adamenko: swa
I, [2016-10-29T11:57:10.349848 #8926]  INFO -- : Алексей : я сдал
I, [2016-10-29T11:57:27.936339 #8926]  INFO -- : Alexander Adamenko: /submit
I, [2016-10-29T11:57:30.613930 #8926]  INFO -- : Alexander Adamenko: SWA
I, [2016-10-29T11:57:37.355130 #8926]  INFO -- : Alexander Adamenko: 5
I, [2016-10-29T11:57:41.477157 #8926]  INFO -- : Alexander Adamenko: /submit
I, [2016-10-29T11:57:42.877550 #8926]  INFO -- : Alexander Adamenko: SWA
I, [2016-10-29T11:57:43.763331 #8926]  INFO -- : Alexander Adamenko: 0
I, [2016-10-29T11:57:45.573279 #8926]  INFO -- : Alexander Adamenko: /submit
I, [2016-10-29T11:57:46.867751 #8926]  INFO -- : Alexander Adamenko: SWA
I, [2016-10-29T11:57:47.976318 #8926]  INFO -- : Alexander Adamenko: 4
I, [2016-10-29T11:57:53.284425 #8926]  INFO -- : Alexander Adamenko: /status
I, [2016-10-29T11:57:58.943686 #8926]  INFO -- : Alexander Adamenko: /start
I, [2016-10-29T11:58:00.931502 #8926]  INFO -- : Alexander Adamenko: /semester
I, [2016-10-29T11:58:02.383568 #8926]  INFO -- : Alexander Adamenko: /status
I, [2016-10-29T11:58:04.085806 #8926]  INFO -- : Alexander Adamenko: /reset_semester
I, [2016-10-29T11:58:12.127235 #8926]  INFO -- : Alexander Adamenko: 2013-29-10
I, [2016-10-29T11:58:15.115384 #8926]  INFO -- : Alexander Adamenko: /reset_semester
I, [2016-10-29T11:58:20.692615 #8926]  INFO -- : Alexander Adamenko: 2013-16-22
I, [2016-10-29T11:58:22.007086 #8926]  INFO -- : Alexander Adamenko: /semester
I, [2016-10-29T11:58:31.211851 #8926]  INFO -- : Alexander Adamenko: 2016-02-16
I, [2016-10-29T11:58:47.226023 #8926]  INFO -- : Alexander Adamenko: /semester
I, [2016-10-29T11:58:50.855685 #8926]  INFO -- : Alexander Adamenko: 2017-02-16
I, [2016-10-29T11:58:53.540424 #8926]  INFO -- : Alexander Adamenko: /semester
I, [2016-10-29T12:00:21.828132 #8926]  INFO -- : Alexander Adamenko: /reset
I, [2016-10-29T12:00:23.973336 #8926]  INFO -- : Alexander Adamenko: y
I, [2016-10-29T12:00:27.349433 #8926]  INFO -- : Alexander Adamenko: /reset
I, [2016-10-29T12:00:28.516643 #8926]  INFO -- : Alexander Adamenko: Y
I, [2016-10-29T12:00:34.635177 #8926]  INFO -- : Alexander Adamenko: /reset
I, [2016-10-29T12:00:35.527687 #8926]  INFO -- : Alexander Adamenko: y
I, [2016-10-29T12:03:58.033929 #8926]  INFO -- : Constantin Volodkevich: /reset
I, [2016-10-29T12:04:02.178370 #8926]  INFO -- : Constantin Volodkevich: y
I, [2016-10-29T12:04:07.098528 #8926]  INFO -- : Constantin Volodkevich: y
I, [2016-10-29T12:04:26.405456 #8926]  INFO -- : Constantin Volodkevich: Y
I, [2016-10-29T12:07:31.747273 #9760]  INFO -- : Constantin Volodkevich: /semester
I, [2016-10-29T12:07:46.675699 #9760]  INFO -- : Constantin Volodkevich: 2017-01-01
I, [2016-10-29T12:07:52.369995 #9760]  INFO -- : Constantin Volodkevich: /start
I, [2016-10-29T12:07:54.449899 #9760]  INFO -- : Constantin Volodkevich: /semester
I, [2016-10-29T12:07:56.092778 #9760]  INFO -- : Constantin Volodkevich: /reset
I, [2016-10-29T12:08:00.600261 #9760]  INFO -- : Constantin Volodkevich: y
I, [2016-10-29T12:08:33.323960 #9760]  INFO -- : Constantin Volodkevich: /semester
I, [2016-10-29T12:08:40.659028 #9760]  INFO -- : Constantin Volodkevich: 2017-01-01
I, [2016-10-29T12:08:43.588506 #9760]  INFO -- : Constantin Volodkevich: /reset
I, [2016-10-29T12:08:46.165463 #9760]  INFO -- : Constantin Volodkevich: Y
I, [2016-10-29T12:08:49.732724 #9760]  INFO -- : Constantin Volodkevich: /semester
I, [2016-10-29T12:08:55.693644 #9760]  INFO -- : Constantin Volodkevich: 2017-01-01
I, [2016-10-29T12:08:58.236300 #9760]  INFO -- : Constantin Volodkevich: /reset
I, [2016-10-29T12:09:01.425928 #9760]  INFO -- : Constantin Volodkevich: ^)
I, [2016-10-29T12:09:04.865738 #9760]  INFO -- : Constantin Volodkevich: n
I, [2016-10-29T12:09:06.175810 #9760]  INFO -- : Constantin Volodkevich: awdad
I, [2016-10-29T12:09:12.271895 #9760]  INFO -- : Constantin Volodkevich: Y
I, [2016-10-29T12:24:09.920433 #9760]  INFO -- : Constantin Volodkevich: /semester
I, [2016-10-29T12:24:13.626542 #9760]  INFO -- : Constantin Volodkevich: sdbasjdasd
I, [2016-10-29T12:24:26.050724 #9760]  INFO -- : Constantin Volodkevich: 2016-01-01
I, [2016-10-29T12:24:34.878148 #9760]  INFO -- : Constantin Volodkevich: 2016-12-12
I, [2016-10-29T13:03:13.316875 #13106]  INFO -- : Constantin Volodkevich: /subject
I, [2016-10-29T13:03:18.529720 #13106]  INFO -- : Constantin Volodkevich: SVA
I, [2016-10-29T13:03:21.291707 #13106]  INFO -- : Constantin Volodkevich: 3
I, [2016-10-29T13:04:51.704087 #13106]  INFO -- : Constantin Volodkevich: /submit
I, [2016-10-29T13:04:55.609144 #13106]  INFO -- : Constantin Volodkevich: SVA
I, [2016-10-29T13:04:59.608711 #13106]  INFO -- : Constantin Volodkevich: 2
I, [2016-10-29T13:31:27.958377 #13106]  INFO -- : Алексей : /reset
I, [2016-10-29T13:31:35.869068 #13106]  INFO -- : Алексей : y
I, [2016-10-29T13:42:06.313761 #13106]  INFO -- : Алексей : /semester
I, [2016-10-29T13:42:20.971421 #13106]  INFO -- : Алексей : /reset_semester
I, [2016-10-29T13:42:31.685401 #13106]  INFO -- : Алексей : /reset
I, [2016-10-29T13:42:37.646132 #13106]  INFO -- : Алексей : y
I, [2016-10-29T13:57:56.901569 #16313]  INFO -- : Constantin Volodkevich: /start
I, [2016-10-29T13:58:01.436322 #16313]  INFO -- : Constantin Volodkevich: /subject
I, [2016-10-29T13:58:05.519349 #16313]  INFO -- : Constantin Volodkevich: SVA
I, [2016-10-29T13:58:08.070533 #16313]  INFO -- : Constantin Volodkevich: 4
I, [2016-10-29T13:58:11.254856 #16313]  INFO -- : Constantin Volodkevich: /subject
I, [2016-10-29T13:58:17.043611 #16313]  INFO -- : Constantin Volodkevich: PR
I, [2016-10-29T13:58:19.639362 #16313]  INFO -- : Constantin Volodkevich: 3
I, [2016-10-29T13:58:21.966671 #16313]  INFO -- : Constantin Volodkevich: /submit
I, [2016-10-29T13:58:28.444303 #16313]  INFO -- : Constantin Volodkevich: SVA
I, [2016-10-29T13:58:30.366914 #16313]  INFO -- : Constantin Volodkevich: 2
I, [2016-10-29T13:58:35.192032 #16313]  INFO -- : Constantin Volodkevich: /submit
I, [2016-10-29T13:58:38.538250 #16313]  INFO -- : Constantin Volodkevich: PR
I, [2016-10-29T13:58:40.676164 #16313]  INFO -- : Constantin Volodkevich: 1
I, [2016-10-29T13:58:45.022289 #16313]  INFO -- : Constantin Volodkevich: /status
