I, [2016-10-16T13:50:32.780943 #5693]  INFO -- : Alexander Adamenko: / test
I, [2016-10-16T13:50:51.388845 #5693]  INFO -- : Constantin Volodkevich: /93 3 !
I, [2016-10-16T13:51:03.566607 #5693]  INFO -- : Constantin Volodkevich: / 93 3 1
I, [2016-10-16T13:51:14.115504 #5693]  INFO -- : Constantin Volodkevich: / 93 3 !
I, [2016-10-16T13:51:26.627834 #5693]  INFO -- : Constantin Volodkevich: / 100 12 !
I, [2016-10-16T13:51:43.354374 #5693]  INFO -- : Constantin Volodkevich: / 123 9 !
I, [2016-10-16T13:51:58.196245 #5693]  INFO -- : Constantin Volodkevich: / 123123123123123 13 !
I, [2016-10-16T13:52:38.839014 #5693]  INFO -- : Constantin Volodkevich: / 3 5 4 7 8 ! + - **
I, [2016-10-16T13:53:28.763676 #5693]  INFO -- : Constantin Volodkevich: / ghbdt привет 3 бот 4 rrrr * acla,s;c нах
I, [2016-10-16T13:53:57.038376 #5693]  INFO -- : Alexander Adamenko: / asdasd asdasdas 3 asdasdas 4 asdasda * asdasdas asdasdas asdasd
I, [2016-10-16T13:54:15.669811 #5693]  INFO -- : Alexander Adamenko: / фывфвфыв 3 фывфывфыв 4 фывфыв * фывфывфыв
I, [2016-10-16T13:54:55.768391 #5693]  INFO -- : Alexander Adamenko: / вфывфывфыв 3 фвфывфыв 4 фывфывфы, фывфывфыв ; asdasd
I, [2016-10-16T13:55:21.802711 #5693]  INFO -- : Alexander Adamenko: / вфывфывфыв 3 фвфывфыв 4 фывфывфы, фывфывфыв ; * asdasc,d
I, [2016-10-16T13:58:31.218324 #6182]  INFO -- : Alexander Adamenko: / вфывфывфыв 3 фвфывфыв 4 фывфывфы, фывфывфыв ; * asdasc,d
I, [2016-10-16T13:59:31.491283 #6264]  INFO -- : Alexander Adamenko: / вфывфывфыв 3 фвфывфыв 4 фывфывфы, фывфывфыв ; * asdasc,d
I, [2016-10-16T13:59:40.230284 #6264]  INFO -- : Constantin Volodkevich: / 3 2 +
I, [2016-10-16T14:03:37.784794 #6558]  INFO -- : Alexander Adamenko: / 3 2 +
I, [2016-10-16T14:03:43.861803 #6558]  INFO -- : Alexander Adamenko: / test
I, [2016-10-16T14:03:48.457619 #6558]  INFO -- : Alexander Adamenko: / вфывфывфыв 3 фвфывфыв 4 фывфывфы, фывфывфыв ; * asdasc,d
I, [2016-10-16T14:03:52.529139 #6558]  INFO -- : Constantin Volodkevich: / 93 3 !
I, [2016-10-16T14:03:58.485300 #6558]  INFO -- : Alexander Adamenko: / вфывфывфыв 3 фвфывфыв 4 фывфывфы, фывфывфыв ; * asdasc,d
I, [2016-10-16T14:04:57.863235 #6558]  INFO -- : Constantin Volodkevich: / 3 4 *   ... ,,, . ,
I, [2016-10-16T14:05:40.673554 #6706]  INFO -- : Alexander Adamenko: / вфывфывфыв 3 фвфывфыв 4 фывфывфы, фывфывфыв ; * asdasc,d
I, [2016-10-16T14:05:49.785319 #6706]  INFO -- : Alexander Adamenko: / вфывфывфыв 3.2 фвфывфыв 4.4 фывфывфы, фывфывфыв ; * asdasc,d
I, [2016-10-16T14:05:52.546286 #6706]  INFO -- : Constantin Volodkevich: / 3,5 3.5 *
I, [2016-10-16T14:09:41.958752 #6977]  INFO -- : Alexander Adamenko: / вфывфывфыв 3 фвфывфыв 4 фывфывфы, фывфывфыв ; * asdasc,d
I, [2016-10-16T14:10:09.553206 #6977]  INFO -- : Alexander Adamenko: / вфывфывфыв 3.2 фвфывфыв 4.4 фывфывфы, фывфывфыв ; * asdasc,d and the result is... 1408.0
I, [2016-10-16T14:10:14.694158 #6977]  INFO -- : Alexander Adamenko: / вфывфывфыв 3.2 фвфывфыв 4.4 фывфывфы, фывфывфыв ; * asdasc,d
I, [2016-10-16T14:10:25.271996 #6977]  INFO -- : Alexander Adamenko: / 3 2 +
I, [2016-10-16T14:10:32.517373 #6977]  INFO -- : Constantin Volodkevich: / 3.2 2.4 +
I, [2016-10-16T14:12:16.557442 #7141]  INFO -- : Constantin Volodkevich: / dlajfalsj asd;l /./ .. 3 4 * asld;kl;as . ,,
I, [2016-10-16T14:14:56.206476 #7335]  INFO -- : Alexander Adamenko: / вфывфывфыв 3.2 фвфывфыв 4.4 фывфывфы, фывфывфыв ; * asdasc,d
I, [2016-10-16T14:15:04.690609 #7335]  INFO -- : Constantin Volodkevich: / asdijasiodj awda mx cxc x ..,,.., ., , ,,. ,, 3 4 * dlkl;dv »/ .
I, [2016-10-16T14:16:04.230415 #7335]  INFO -- : Constantin Volodkevich: / sdf,.,   csdcsd 3 4 * .. . ,,, ,, .. , $ & ^$
I, [2016-10-16T14:16:20.152790 #7335]  INFO -- : Alexander Adamenko: / 3 4 *
I, [2016-10-16T14:17:24.398781 #7518]  INFO -- : Alexander Adamenko: / sdf,.,   csdcsd 3 4 * .. . ,,, ,, .. , $ & ^$
I, [2016-10-16T14:19:13.611539 #7518]  INFO -- : Constantin Volodkevich: 83 3 !
I, [2016-10-16T14:19:22.373843 #7518]  INFO -- : Constantin Volodkevich: / 33 33 *
I, [2016-10-16T14:20:32.725714 #7736]  INFO -- : Alexander Adamenko: / sdf,.,   csdcsd 3 4 * .. . ,,, ,, .. , $ & ^$
I, [2016-10-16T14:20:35.073483 #7736]  INFO -- : Constantin Volodkevich: / 3 2 +
I, [2016-10-16T14:20:41.510953 #7736]  INFO -- : Alexander Adamenko: / sdf,.,   csdcsd 3 4 * .. . ,,, ,, .. , $ & ^$
I, [2016-10-16T18:05:39.608273 #7736]  INFO -- : Alexander Adamenko: / 2 3 +
I, [2016-10-16T18:59:57.231488 #7736]  INFO -- : Alexander Adamenko: / еуые
I, [2016-10-16T19:00:00.190704 #7736]  INFO -- : Alexander Adamenko: / test
I, [2016-10-16T20:58:54.964722 #30063]  INFO -- : Constantin Volodkevich: привет, бот.
реши мне задачку: 93 3 !
I, [2016-10-16T20:59:13.290428 #30063]  INFO -- : Constantin Volodkevich: дводчмсосчм юю вывахз
I, [2016-10-16T20:59:43.500812 #30063]  INFO -- : Constantin Volodkevich: привет, бот! 
реши мне задачку: 93 3 !
I, [2016-10-16T20:59:54.256413 #30063]  INFO -- : Constantin Volodkevich: 2 2 3 +
I, [2016-10-16T21:01:41.547127 #30284]  INFO -- : Constantin Volodkevich: 2 2 3 +
I, [2016-10-16T21:17:35.149158 #31331]  INFO -- : Constantin Volodkevich: 2 2 3 +
I, [2016-10-16T21:17:40.670447 #31331]  INFO -- : Constantin Volodkevich: 2 2 3 +
I, [2016-10-16T21:19:22.777322 #31331]  INFO -- : Alexander Adamenko: ((8+12)*(8+(8+2))/12
I, [2016-10-16T21:20:28.603458 #31331]  INFO -- : Alexander Adamenko: / 8 12 + 8 2 + 8 + * 12 /
I, [2016-10-16T21:26:56.292286 #31331]  INFO -- : Constantin Volodkevich: 20 8 2 + 8 + * 12 /
I, [2016-10-16T21:27:19.631250 #31331]  INFO -- : Constantin Volodkevich: / 20 8 2 + 8 + * 12 /
I, [2016-10-16T21:39:30.802178 #32663]  INFO -- : Constantin Volodkevich: / привет, бот!
как твои дела? реши мне пример :20 8 2 + 8 + * 12 /
I, [2016-10-16T21:42:18.909110 #445]  INFO -- : Constantin Volodkevich: / 20 8 2 + 8 + * 12 /
I, [2016-10-16T21:43:52.329820 #555]  INFO -- : Constantin Volodkevich: / 20 8 2 + 8 + * 12 /
I, [2016-10-16T21:48:19.435632 #919]  INFO -- : Constantin Volodkevich: / 20 8 2 + 8 + * 12 /
I, [2016-10-16T21:49:30.907313 #1028]  INFO -- : Constantin Volodkevich: / 20 8 2 + 8 + * 12 /
I, [2016-10-16T21:49:45.868643 #1028]  INFO -- : Constantin Volodkevich: / ;)
I, [2016-10-16T22:39:06.337835 #4268]  INFO -- : Constantin Volodkevich: / ;)
I, [2016-10-16T22:39:26.247637 #4295]  INFO -- : Constantin Volodkevich: / ;)
I, [2016-10-16T22:40:48.770549 #4391]  INFO -- : Constantin Volodkevich: / ;)
I, [2016-10-16T22:41:25.211750 #4440]  INFO -- : Constantin Volodkevich: / ;)
I, [2016-10-16T22:42:42.541328 #4440]  INFO -- : Alexander Adamenko: / + 6+ +
I, [2016-10-16T22:42:47.506460 #4440]  INFO -- : Alexander Adamenko: / + + + + + + +
I, [2016-10-16T22:44:20.253739 #4681]  INFO -- : Alexander Adamenko: / + + + + + + +
I, [2016-10-16T22:44:23.629882 #4681]  INFO -- : Constantin Volodkevich: / asdadasd 20 8 2 + 8 + * 12 /
I, [2016-10-16T22:44:49.539733 #4681]  INFO -- : Alexander Adamenko: / arsasdadsasd ghfhgffg
I, [2016-10-16T22:46:32.080303 #4681]  INFO -- : Alexander Adamenko: / eth 3 2 +
I, [2016-10-16T22:46:35.391235 #4681]  INFO -- : Constantin Volodkevich: / 20 8 2 + 8 + * 12 /
I, [2016-10-17T11:02:28.315746 #4325]  INFO -- : Dmitry Supranovich: - Does the Battle Banner +D6 combat resolution bonus modify all of my armies hand-to-hand combats?
I, [2016-10-17T11:02:28.628669 #4325]  INFO -- : Dmitry Supranovich: -99999999999999999999999999999999999999999999999999999999999999999999999999999999999999999999999999999999999999999999999999999999999999999999999999999999999999999999999999999999999999999999999999999999999999 999999999999999999999999999999999999999999999999999999999999999999999999999999999999999999999999999999999999999999999999999999999999999999999999999999999999999999999999999999999999999999999999999999 *
I, [2016-10-17T11:03:13.973427 #4325]  INFO -- : Kirill Vershitsky: /start
I, [2016-10-17T11:12:29.642870 #5092]  INFO -- : Constantin Volodkevich: фывфыв
I, [2016-10-17T11:16:06.672415 #5318]  INFO -- : #<IO:<STDOUT>>
I, [2016-10-17T11:17:55.314579 #5318]  INFO -- : #<IO:<STDOUT>>
I, [2016-10-17T11:17:59.227026 #5318]  INFO -- : #<IO:<STDOUT>>
I, [2016-10-17T11:18:08.986845 #5318]  INFO -- : #<IO:<STDOUT>>
I, [2016-10-17T11:18:38.697127 #5318]  INFO -- : #<IO:<STDOUT>>
I, [2016-10-17T11:18:46.844085 #5318]  INFO -- : #<IO:<STDOUT>>
I, [2016-10-17T11:21:38.423175 #5318]  INFO -- : #<IO:<STDOUT>>
I, [2016-10-17T11:22:08.304073 #5736]  INFO -- : Constantin Volodkevich: df sdfsdf sd
I, [2016-10-17T11:38:37.605921 #6835]  INFO -- : Constantin Volodkevich: 
I, [2016-10-17T11:39:33.470707 #6918]  INFO -- : Constantin Volodkevich: 
I, [2016-10-17T11:40:08.832795 #6958]  INFO -- : Constantin Volodkevich: 
I, [2016-10-17T11:41:07.324937 #7014]  INFO -- : Taleh Zaliyev: Привет
I, [2016-10-17T11:41:39.376727 #7014]  INFO -- : Taleh Zaliyev: 1 1 + 3 +2
I, [2016-10-17T11:42:21.242314 #7014]  INFO -- : Taleh Zaliyev: 1 1 + 3 *
I, [2016-10-17T11:43:23.910774 #7014]  INFO -- : Taleh Zaliyev: 3 1 1 + *
I, [2016-10-17T17:42:53.496695 #3281]  INFO -- : ADwinion : 2 2 2 2 2 / / / /
I, [2016-10-17T17:42:53.820064 #3281]  INFO -- : Kirill Vershitsky: 2 2 2 2 2 2 2 / / / / / / / /
I, [2016-10-17T17:42:54.136496 #3281]  INFO -- : Kirill Vershitsky: ОГО
I, [2016-10-17T17:42:54.449402 #3281]  INFO -- : Kirill Vershitsky: завис
I, [2016-10-17T17:42:54.749099 #3281]  INFO -- : Kirill Vershitsky: Эй бот
I, [2016-10-17T17:42:55.062103 #3281]  INFO -- : ADwinion : /stop
I, [2016-10-17T17:42:55.388407 #3281]  INFO -- : ADwinion : /author
I, [2016-10-17T17:42:56.358586 #3281]  INFO -- : Alexander Adamenko: 10 2 5 * /
I, [2016-10-17T17:42:56.667754 #3281]  INFO -- : Alexander Adamenko: asdasd
I, [2016-10-17T17:42:56.978892 #3281]  INFO -- : Constantin Volodkevich: Аррмми
I, [2016-10-17T17:42:57.290536 #3281]  INFO -- : Максим Мороз: 999
I, [2016-10-17T17:42:57.608382 #3281]  INFO -- : Constantin Volodkevich: Рврврвосс
I, [2016-10-17T17:42:57.923452 #3281]  INFO -- : Максим Мороз: 1 0 /
I, [2016-10-17T17:42:58.236044 #3281]  INFO -- : Irisha : 3 2 + 3*
I, [2016-10-17T17:42:58.594657 #3281]  INFO -- : Irisha : /start
I, [2016-10-17T17:46:20.411371 #3577]  INFO -- : ADwinion : 2 2 2 2 2 / / / /
I, [2016-10-17T17:46:20.725269 #3577]  INFO -- : Kirill Vershitsky: 2 2 2 2 2 2 2 / / / / / / / /
I, [2016-10-17T17:46:21.029683 #3577]  INFO -- : Kirill Vershitsky: ОГО
I, [2016-10-17T17:46:21.341795 #3577]  INFO -- : Kirill Vershitsky: завис
I, [2016-10-17T17:46:21.661537 #3577]  INFO -- : Kirill Vershitsky: Эй бот
I, [2016-10-17T17:46:21.959526 #3577]  INFO -- : ADwinion : /stop
I, [2016-10-17T17:46:22.254210 #3577]  INFO -- : ADwinion : /author
I, [2016-10-17T17:46:23.151951 #3577]  INFO -- : Alexander Adamenko: 10 2 5 * /
I, [2016-10-17T17:46:23.451888 #3577]  INFO -- : Alexander Adamenko: asdasd
I, [2016-10-17T17:46:23.757510 #3577]  INFO -- : Constantin Volodkevich: Аррмми
I, [2016-10-17T17:46:24.058137 #3577]  INFO -- : Максим Мороз: 999
I, [2016-10-17T17:46:24.415343 #3577]  INFO -- : Constantin Volodkevich: Рврврвосс
I, [2016-10-17T17:46:24.745747 #3577]  INFO -- : Максим Мороз: 1 0 /
I, [2016-10-17T17:46:25.067823 #3577]  INFO -- : Irisha : 3 2 + 3*
I, [2016-10-17T17:46:25.370639 #3577]  INFO -- : Irisha : /start
I, [2016-10-17T17:46:25.671328 #3577]  INFO -- : Irisha : 3 2 + 3 *
I, [2016-10-17T17:46:25.969149 #3577]  INFO -- : Максим Мороз: Эй, работаешь?
I, [2016-10-17T17:46:26.264432 #3577]  INFO -- : Yuliya Demeshchik: /start
I, [2016-10-17T17:46:26.574947 #3577]  INFO -- : Vlad Prudnikov: /start
I, [2016-10-17T17:46:26.890791 #3577]  INFO -- : Vlad Prudnikov: 2 4 *
I, [2016-10-17T17:46:27.209837 #3577]  INFO -- : Vlad Prudnikov: /start
I, [2016-10-17T17:46:27.539640 #3577]  INFO -- : Vlad Prudnikov: /start 2 4 5 - *
I, [2016-10-17T17:46:27.861494 #3577]  INFO -- : Vlad Prudnikov: start / 2 5 +
I, [2016-10-17T17:46:28.169716 #3577]  INFO -- : Vlad Prudnikov: /start 2 5 +
I, [2016-10-17T17:46:28.479995 #3577]  INFO -- : Egor Sporau: /data
I, [2016-10-17T17:46:28.795146 #3577]  INFO -- : Egor Sporau: /download
I, [2016-10-17T17:46:29.095683 #3577]  INFO -- : Alexander Adamenko: asdasd
I, [2016-10-17T17:46:29.388704 #3577]  INFO -- : Makkonen : 1////3
I, [2016-10-17T17:46:29.708156 #3577]  INFO -- : Dmitry Artyomov: /start
I, [2016-10-17T17:46:30.023184 #3577]  INFO -- : Dmitry Artyomov: 1 2 3 + .
I, [2016-10-17T17:46:30.361650 #3577]  INFO -- : Dmitry Artyomov: 1 2 3 + /
I, [2016-10-17T17:46:30.747252 #3577]  INFO -- : Alexander Adamenko: 230132
I, [2016-10-17T17:46:46.594711 #3577]  INFO -- : Dmitry Artyomov: /author
I, [2016-10-17T17:47:26.409523 #3577]  INFO -- : Dmitry Artyomov: 100 ! 3
I, [2016-10-17T17:47:32.663366 #3715]  INFO -- : Dmitry Artyomov: 100 ! 3
I, [2016-10-17T17:48:24.370214 #3715]  INFO -- : Vlad Prudnikov: 2 7 4 - * 2 +
I, [2016-10-17T17:48:24.979638 #3715]  INFO -- : Dmitry Artyomov: 93 3 !
