# Logfile created on 2016-10-29 14:31:11 +0100 by logger.rb/53141
I, [2016-10-29T14:31:43.391532 #18437]  INFO -- : Constantin Volodkevich: /start
I, [2016-10-29T14:49:44.327911 #19442]  INFO -- : Constantin Volodkevich: /start
I, [2016-10-29T14:50:42.508426 #19508]  INFO -- : Constantin Volodkevich: /start
I, [2016-10-29T14:52:20.258030 #19594]  INFO -- : Constantin Volodkevich: /start
I, [2016-10-29T14:53:04.525220 #19652]  INFO -- : Constantin Volodkevich: /start
I, [2016-10-29T14:53:51.615985 #19710]  INFO -- : Constantin Volodkevich: /start
I, [2016-10-29T14:53:54.098420 #19710]  INFO -- : Constantin Volodkevich: /semester
I, [2016-10-29T14:54:00.695400 #19710]  INFO -- : Constantin Volodkevich: 2016-01-01
I, [2016-10-29T14:54:07.850665 #19710]  INFO -- : Constantin Volodkevich: 2017-01-01
I, [2016-10-29T14:54:13.799369 #19710]  INFO -- : Constantin Volodkevich: /subject
I, [2016-10-29T14:54:20.870842 #19710]  INFO -- : Constantin Volodkevich: BI
I, [2016-10-29T14:54:22.783025 #19710]  INFO -- : Constantin Volodkevich: 3
I, [2016-10-29T14:54:25.422895 #19710]  INFO -- : Constantin Volodkevich: /subject
I, [2016-10-29T14:54:30.999233 #19710]  INFO -- : Constantin Volodkevich: SVA
I, [2016-10-29T14:54:33.391802 #19710]  INFO -- : Constantin Volodkevich: 5
I, [2016-10-29T14:54:39.087149 #19710]  INFO -- : Constantin Volodkevich: /submit
I, [2016-10-29T14:54:42.544877 #19710]  INFO -- : Constantin Volodkevich: BI
I, [2016-10-29T14:54:44.146945 #19710]  INFO -- : Constantin Volodkevich: 1
I, [2016-10-29T14:54:48.135364 #19710]  INFO -- : Constantin Volodkevich: /submit
I, [2016-10-29T14:54:53.941434 #19710]  INFO -- : Constantin Volodkevich: SVA
I, [2016-10-29T14:54:55.013281 #19710]  INFO -- : Constantin Volodkevich: 1
I, [2016-10-29T14:55:02.042253 #19710]  INFO -- : Constantin Volodkevich: /status
I, [2016-10-29T14:55:13.808875 #19710]  INFO -- : Constantin Volodkevich: /semester
I, [2016-10-29T14:55:17.839328 #19710]  INFO -- : Constantin Volodkevich: /reset_semester
I, [2016-10-29T14:55:20.737932 #19710]  INFO -- : Constantin Volodkevich: y
I, [2016-10-29T14:55:43.353348 #19710]  INFO -- : Constantin Volodkevich: /status
I, [2016-10-29T14:55:47.080763 #19710]  INFO -- : Constantin Volodkevich: /start
I, [2016-10-29T14:55:53.111965 #19710]  INFO -- : Constantin Volodkevich: /semester
I, [2016-10-29T14:55:58.793085 #19710]  INFO -- : Constantin Volodkevich: 2017-01-01
I, [2016-10-29T14:56:01.391982 #19710]  INFO -- : Constantin Volodkevich: /reset
I, [2016-10-29T14:56:03.384440 #19710]  INFO -- : Constantin Volodkevich: y
I, [2016-10-29T14:56:09.271583 #19710]  INFO -- : Constantin Volodkevich: /status
I, [2016-10-29T14:56:11.726290 #19710]  INFO -- : Constantin Volodkevich: /semester
I, [2016-10-29T14:56:16.662581 #19710]  INFO -- : Constantin Volodkevich: /subject
I, [2016-10-29T14:56:19.048737 #19710]  INFO -- : Constantin Volodkevich: /semester
I, [2016-10-29T14:56:21.484513 #19710]  INFO -- : Constantin Volodkevich: /reset_semester
I, [2016-10-29T14:56:29.910100 #19710]  INFO -- : Constantin Volodkevich: /start
I, [2016-10-29T15:34:33.972056 #19710]  INFO -- : Constantin Volodkevich: /sad
I, [2016-10-29T15:35:16.901877 #22036]  INFO -- : Constantin Volodkevich: /sad
I, [2016-10-29T16:22:57.494478 #22036]  INFO -- : Constantin Volodkevich: /status
I, [2016-10-29T16:23:00.286375 #22036]  INFO -- : Constantin Volodkevich: /subject
I, [2016-10-29T16:23:08.747158 #22036]  INFO -- : Constantin Volodkevich: SVA
I, [2016-10-29T16:23:09.743806 #22036]  INFO -- : Constantin Volodkevich: 5
I, [2016-10-29T16:23:15.990390 #22036]  INFO -- : Constantin Volodkevich: /subject
I, [2016-10-29T16:23:26.221746 #22036]  INFO -- : Constantin Volodkevich: Prog
I, [2016-10-29T16:23:27.766052 #22036]  INFO -- : Constantin Volodkevich: 3
I, [2016-10-29T16:23:32.846655 #22036]  INFO -- : Constantin Volodkevich: /subject
I, [2016-10-29T16:23:45.409905 #22036]  INFO -- : Constantin Volodkevich: Bi
I, [2016-10-29T16:24:16.386744 #22036]  INFO -- : Constantin Volodkevich: 2
I, [2016-10-29T16:24:20.901176 #22036]  INFO -- : Constantin Volodkevich: /submit
I, [2016-10-29T16:24:23.989794 #22036]  INFO -- : Constantin Volodkevich: /status
I, [2016-10-29T16:24:35.966134 #22036]  INFO -- : Constantin Volodkevich: /submit
I, [2016-10-29T16:24:40.106890 #22036]  INFO -- : Constantin Volodkevich: SVA
I, [2016-10-29T16:24:43.890757 #22036]  INFO -- : Constantin Volodkevich: 3
I, [2016-10-29T16:24:48.273407 #22036]  INFO -- : Constantin Volodkevich: /submit
I, [2016-10-29T16:24:50.937847 #22036]  INFO -- : Constantin Volodkevich: SVA
I, [2016-10-29T16:24:52.480364 #22036]  INFO -- : Constantin Volodkevich: 3
I, [2016-10-29T16:24:58.726517 #22036]  INFO -- : Constantin Volodkevich: /status
I, [2016-10-29T16:32:09.358162 #22036]  INFO -- : Constantin Volodkevich: /subject
I, [2016-10-29T16:47:41.634256 #26287]  INFO -- : Constantin Volodkevich: /start
I, [2016-10-29T18:11:04.043887 #26287]  INFO -- : Constantin Volodkevich: /start
I, [2016-10-29T19:53:38.563169 #4645]  INFO -- : Constantin Volodkevich: /submit
I, [2016-10-29T19:57:08.681923 #4883]  INFO -- : Constantin Volodkevich: /submit
I, [2016-10-29T20:07:20.726445 #5455]  INFO -- : Constantin Volodkevich: /subject
I, [2016-10-29T20:07:31.583314 #5455]  INFO -- : Constantin Volodkevich: SVA
I, [2016-10-29T20:07:37.126548 #5455]  INFO -- : Constantin Volodkevich: 3
I, [2016-10-29T20:07:40.349786 #5455]  INFO -- : Constantin Volodkevich: /subject
I, [2016-10-29T20:07:46.954162 #5455]  INFO -- : Constantin Volodkevich: BI
I, [2016-10-29T20:07:48.045603 #5455]  INFO -- : Constantin Volodkevich: 2
I, [2016-10-29T20:07:51.960129 #5455]  INFO -- : Constantin Volodkevich: /submit
